[2018-02-22 01:14:14] defaultLogger.DEBUG: asdf [] []
[2018-02-22 01:14:38] defaultLogger.DEBUG: Insertando socio [] []
[2018-02-22 01:44:39] defaultLogger.WARNING: [El socio no se registro, vuelva a intentarlo.] 0 [] []
[2018-02-22 01:45:37] defaultLogger.ERROR: [Ocurrio un error al insertar el socio.] Excepcion lanzada. [] []
[2018-02-22 01:46:48] defaultLogger.ERROR: [Ocurrio un error al insertar el socio.] Excepcion lanzada. [] []
[2018-02-22 01:52:04] defaultLogger.WARNING: [El socio no se encuentra registrado.]  [] []
[2018-02-22 01:53:02] defaultLogger.ERROR: [Ocurrio un error al buscar el socio 6.] Excepcion lanzada [] []
[2018-02-22 02:00:16] defaultLogger.ERROR: SQLSTATE[3D000]: Invalid catalog name: 1046 No database selected [] []
[2018-02-22 02:00:51] defaultLogger.ERROR: SQLSTATE[42S22]: Column not found: 1054 Unknown column 'socio.telefono' in 'field list' [] []
[2018-02-22 02:34:44] defaultLogger.ERROR: [Ocurrio un error al agregar el ahorro.] Undefined index: semana [] []
[2018-02-22 22:47:12] defaultLogger.ERROR: SQLSTATE[3D000]: Invalid catalog name: 1046 No database selected [] []
[2018-02-22 22:47:48] defaultLogger.ERROR: SQLSTATE[42S22]: Column not found: 1054 Unknown column 'multa.ahorro_id' in 'field list' [] []
[2018-02-22 23:02:37] defaultLogger.ERROR: [Ocurrio un error al agregar la multa.] Call to undefined method: setCantidad. [] []
[2018-02-22 23:03:20] defaultLogger.ERROR: [Ocurrio un error al agregar la multa.] Undefined index: comentario [] []
[2018-02-22 23:04:43] defaultLogger.ERROR: SQLSTATE[23000]: Integrity constraint violation: 1452 Cannot add or update a child row: a foreign key constraint fails (`caja_db`.`multa`, CONSTRAINT `multa_fk_415ccd` FOREIGN KEY (`ahorro_id`) REFERENCES `ahorro` (`id`)) [] []
[2018-02-22 23:04:43] defaultLogger.ERROR: [Ocurrio un error al agregar la multa.] Unable to execute INSERT statement [INSERT INTO multa (id, socio_id, cantidad, comentario, created_at, updated_at) VALUES (:p0, :p1, :p2, :p3, :p4, :p5)] [] []
[2018-02-23 15:46:20] defaultLogger.WARNING: [El prestamo no se registro, vuelva a intentarlo.] 0 [] []
[2018-02-23 15:46:39] defaultLogger.ERROR: [Ocurrio un error al agregar el prestamo.] Excepcion lanzada en prestamo [] []
[2018-02-23 16:04:18] defaultLogger.WARNING: [El abono no se registro, vuelva a intentarlo.] 0 [] []
[2018-02-23 16:04:47] defaultLogger.ERROR: [Ocurrio un error al agregar la abono.] Excepcion en registro abono [] []
[2018-02-23 16:24:53] defaultLogger.WARNING: [El socio no se encuentra registrado.]  [] []
[2018-02-23 16:28:24] defaultLogger.ERROR: [Ocurrio un error al obtenre multas para el id de socio 7.] Call to undefined method: asColumns [] []
[2018-02-23 16:29:41] defaultLogger.ERROR: [Ocurrio un error al obtenre multas para el id de socio 7.] Only variable references should be returned by reference [] []
[2018-02-23 16:29:48] defaultLogger.ERROR: [Ocurrio un error al obtenre multas para el id de socio 2.] Only variable references should be returned by reference [] []
[2018-02-23 16:29:53] defaultLogger.ERROR: [Ocurrio un error al obtenre multas para el id de socio 1.] Only variable references should be returned by reference [] []
[2018-02-23 16:30:11] defaultLogger.ERROR: [Ocurrio un error al obtenre multas para el id de socio 1.] Only variable references should be returned by reference [] []
[2018-02-23 16:34:12] defaultLogger.WARNING: [No existen multas para este socio]  [] []
[2018-02-23 16:35:15] defaultLogger.WARNING: [No existen multas para este socio]  [] []
[2018-02-23 16:38:45] defaultLogger.ERROR: [Ocurrio un error al buscar el socio 1.] count(): Parameter must be an array or an object that implements Countable [] []
[2018-02-23 16:39:03] defaultLogger.ERROR: [Ocurrio un error al buscar el socio 2.] count(): Parameter must be an array or an object that implements Countable [] []
[2018-02-23 16:39:28] defaultLogger.ERROR: [Ocurrio un error al buscar el socio 2.] count(): Parameter must be an array or an object that implements Countable [] []
[2018-02-23 16:40:26] defaultLogger.WARNING: [El socio no se encuentra registrado.]  [] []
[2018-02-23 16:52:44] defaultLogger.WARNING: [El socio no se encuentra registrado.]  [] []
[2018-02-23 16:52:58] defaultLogger.WARNING: [No existen ahorros para este socio]  [] []
[2018-02-23 16:53:17] defaultLogger.WARNING: [El socio no se encuentra registrado.]  [] []
[2018-02-23 16:54:54] defaultLogger.WARNING: [El socio no se encuentra registrado.]  [] []
[2018-02-23 16:55:07] defaultLogger.WARNING: [No existen multas para este socio]  [] []
[2018-02-23 16:55:18] defaultLogger.WARNING: [No existen prestamos para este socio]  [] []
[2018-02-23 16:56:28] defaultLogger.WARNING: [No existen abonos para este socio]  [] []
[2018-02-23 16:57:06] defaultLogger.WARNING: [No existen abonos para este prestamo]  [] []
[2018-02-23 17:31:03] defaultLogger.ERROR: [Ocurrio un error al buscar el socio 1.] count(): Parameter must be an array or an object that implements Countable [] []
[2018-02-23 17:32:02] defaultLogger.ERROR: [Ocurrio un error al buscar el socio 1.] count(): Parameter must be an array or an object that implements Countable [] []
[2018-02-23 17:32:07] defaultLogger.ERROR: [Ocurrio un error al buscar el socio 1.] count(): Parameter must be an array or an object that implements Countable [] []
[2018-02-23 17:33:05] defaultLogger.ERROR: [Ocurrio un error al buscar el socio 1.] count(): Parameter must be an array or an object that implements Countable [] []
[2018-02-23 17:33:10] defaultLogger.WARNING: [El socio no se encuentra registrado.]  [] []
[2018-02-23 17:33:11] defaultLogger.WARNING: [El socio no se encuentra registrado.]  [] []
[2018-02-23 17:33:16] defaultLogger.WARNING: [El socio no se encuentra registrado.]  [] []
[2018-02-23 17:33:28] defaultLogger.ERROR: [Ocurrio un error al buscar el socio 1.] count(): Parameter must be an array or an object that implements Countable [] []
[2018-02-23 17:35:44] defaultLogger.WARNING: [El socio no se encuentra registrado.]  [] []
[2018-02-23 17:37:30] defaultLogger.ERROR: [Ocurrio un error al actualizar el socio.] Call to undefined method: setNombre [] []
[2018-02-23 17:38:43] defaultLogger.WARNING: [El socio no se actualizo, vuelva a intentarlo.] 0 [] []
[2018-02-28 15:04:07] defaultLogger.WARNING: [El socio no se encuentra registrado.]  [] []
[2018-02-28 15:04:23] defaultLogger.WARNING: [El socio no se encuentra registrado.]  [] []
[2018-02-28 15:22:19] defaultLogger.ERROR: [Ocurrio un error al actualizar el socio.] Illegal string offset 'socioId' [] []
[2018-02-28 15:22:45] defaultLogger.ERROR: [Ocurrio un error al actualizar el socio.] Illegal string offset 'socioId' [] []
[2018-02-28 15:23:12] defaultLogger.ERROR: [Ocurrio un error al eliminar el socio.] Illegal string offset 'socioId' [] []
[2018-02-28 15:23:59] defaultLogger.ERROR: [Ocurrio un error al eliminar el socio.] Call to undefined method: hasPrestamo. [] []
[2018-02-28 15:24:21] defaultLogger.ERROR: [Ocurrio un error al eliminar el socio.] Call to undefined method: hasPrestamo. [] []
[2018-02-28 15:26:02] defaultLogger.ERROR: [Ocurrio un error al eliminar el socio.] Call to undefined method: hasPrestamo. [] []
[2018-02-28 15:26:10] defaultLogger.ERROR: [Ocurrio un error al eliminar el socio.] Call to undefined method: hasPrestamo. [] []
[2018-02-28 15:27:59] defaultLogger.ERROR: [Ocurrio un error al eliminar el socio.] Use of undefined constant parent - assumed 'parent' (this will throw an Error in a future version of PHP) [] []
[2018-02-28 15:30:43] defaultLogger.ERROR: [Ocurrio un error al eliminar el socio.] Undefined variable: collAhorros [] []
[2018-02-28 15:36:13] defaultLogger.ERROR: [Ocurrio un error al eliminar el socio.] Call to undefined method: getPrestamo. [] []
[2018-02-28 15:36:45] defaultLogger.ERROR: [Ocurrio un error al eliminar el socio.] Call to undefined method: getPrestamo. [] []
[2018-02-28 15:36:54] defaultLogger.ERROR: [Ocurrio un error al eliminar el socio.] Call to undefined method: getPrestamo. [] []
[2018-02-28 15:37:42] defaultLogger.ERROR: [Ocurrio un error al eliminar el socio.] Call to undefined method: getCollPrestamos. [] []
[2018-02-28 15:41:02] defaultLogger.ERROR: [Ocurrio un error al eliminar el socio.] Call to undefined method: getAhorro. [] []
[2018-02-28 15:41:39] defaultLogger.ERROR: [Ocurrio un error al eliminar el socio.] Call to undefined method: getAhorro. [] []
[2018-02-28 15:41:51] defaultLogger.ERROR: [Ocurrio un error al eliminar el socio.] Call to undefined method: getAhorro [] []
[2018-02-28 15:42:14] defaultLogger.ERROR: [Ocurrio un error al eliminar el socio.] Call to undefined method: getAhorros [] []
[2018-02-28 15:47:30] defaultLogger.ERROR: [Ocurrio un error al eliminar el socio.] Call to undefined method: hasAhorros. [] []
[2018-02-28 15:48:28] defaultLogger.ERROR: [Ocurrio un error al eliminar el socio.] Call to undefined method: hasAhorros. [] []
[2018-02-28 15:55:55] defaultLogger.ERROR: [Ocurrio un error al eliminar el socio.] Undefined variable: retorno [] []
[2018-02-28 15:56:57] defaultLogger.WARNING: [El socio no existe.]  [] []
[2018-02-28 15:57:09] defaultLogger.WARNING: [El socio no existe.]  [] []
[2018-02-28 15:58:29] defaultLogger.WARNING: [El socio no se encuentra registrado.]  [] []
[2018-02-28 15:58:53] defaultLogger.WARNING: [El socio no existe.]  [] []
[2018-02-28 15:59:39] defaultLogger.WARNING: [El socio no existe.]  [] []
[2018-02-28 15:59:41] defaultLogger.ERROR: SQLSTATE[23000]: Integrity constraint violation: 1451 Cannot delete or update a parent row: a foreign key constraint fails (`caja_db`.`ahorro`, CONSTRAINT `ahorro_fk_243464` FOREIGN KEY (`socio_id`) REFERENCES `socio` (`id`)) [] []
[2018-02-28 15:59:41] defaultLogger.ERROR: [Ocurrio un error al eliminar el socio.] Propel\Runtime\ActiveQuery\ModelCriteria::delete is unable to delete.  [] []
[2018-02-28 16:10:18] defaultLogger.ERROR: [Ocurrio un error al eliminar el socio.] Call to undefined method: hasAhorros. [] []
[2018-02-28 16:10:40] defaultLogger.ERROR: [Ocurrio un error al eliminar el socio.] Call to undefined method: hasMultas. [] []
[2018-02-28 16:11:24] defaultLogger.ERROR: SQLSTATE[23000]: Integrity constraint violation: 1451 Cannot delete or update a parent row: a foreign key constraint fails (`caja_db`.`ahorro`, CONSTRAINT `ahorro_fk_243464` FOREIGN KEY (`socio_id`) REFERENCES `socio` (`id`)) [] []
[2018-02-28 16:11:24] defaultLogger.ERROR: [Ocurrio un error al eliminar el socio.] Propel\Runtime\ActiveQuery\ModelCriteria::delete is unable to delete.  [] []
[2018-02-28 16:20:17] defaultLogger.WARNING: [El socio no existe.]  [] []
[2018-03-06 21:45:33] defaultLogger.ERROR: [Ocurrio un error al insertar el socio.] Cannot insert a value for auto-increment primary key (socio.id) [] []
[2018-03-06 21:46:19] defaultLogger.ERROR: [Ocurrio un error al insertar el socio.] Cannot insert a value for auto-increment primary key (socio.id) [] []
[2018-03-06 21:46:58] defaultLogger.ERROR: [Ocurrio un error al insertar el socio.] Cannot insert a value for auto-increment primary key (socio.id) [] []
[2018-03-06 21:47:03] defaultLogger.ERROR: [Ocurrio un error al insertar el socio.] Cannot insert a value for auto-increment primary key (socio.id) [] []
[2018-03-06 21:47:12] defaultLogger.ERROR: [Ocurrio un error al insertar el socio.] Cannot insert a value for auto-increment primary key (socio.id) [] []
[2018-03-06 21:47:54] defaultLogger.ERROR: [Ocurrio un error al insertar el socio.] Cannot insert a value for auto-increment primary key (socio.id) [] []
[2018-03-06 21:48:10] defaultLogger.ERROR: [Ocurrio un error al insertar el socio.] Cannot insert a value for auto-increment primary key (socio.id) [] []
[2018-03-06 21:48:52] defaultLogger.ERROR: [Ocurrio un error al insertar el socio.] Cannot insert a value for auto-increment primary key (socio.id) [] []
[2018-03-06 21:49:01] defaultLogger.ERROR: [Ocurrio un error al insertar el socio.] Cannot insert a value for auto-increment primary key (socio.id) [] []
[2018-03-06 21:49:08] defaultLogger.ERROR: [Ocurrio un error al insertar el socio.] Cannot insert a value for auto-increment primary key (socio.id) [] []
[2018-03-06 21:50:12] defaultLogger.ERROR: [Ocurrio un error al insertar el socio.] Cannot insert a value for auto-increment primary key (socio.id) [] []
[2018-03-06 21:50:24] defaultLogger.ERROR: [Ocurrio un error al insertar el socio.] Cannot insert a value for auto-increment primary key (socio.id) [] []
[2018-03-06 21:50:33] defaultLogger.ERROR: [Ocurrio un error al insertar el socio.] Cannot insert a value for auto-increment primary key (socio.id) [] []
[2018-03-06 21:51:09] defaultLogger.ERROR: [Ocurrio un error al insertar el socio.] Cannot insert a value for auto-increment primary key (socio.id) [] []
[2018-03-06 21:51:21] defaultLogger.ERROR: [Ocurrio un error al insertar el socio.] Cannot insert a value for auto-increment primary key (socio.id) [] []
[2018-03-06 21:52:11] defaultLogger.ERROR: [Ocurrio un error al insertar el socio.] Cannot insert a value for auto-increment primary key (socio.id) [] []
[2018-03-06 23:47:38] defaultLogger.WARNING: [El socio no se encuentra registrado.]  [] []
[2018-03-06 23:47:38] defaultLogger.WARNING: [El socio no se encuentra registrado.]  [] []
[2018-03-07 02:38:08] defaultLogger.WARNING: [El socio no se encuentra registrado.]  [] []
[2018-03-07 02:38:30] defaultLogger.WARNING: [El socio no se encuentra registrado.]  [] []
[2018-03-07 02:39:15] defaultLogger.WARNING: [El socio no se encuentra registrado.]  [] []
[2018-03-07 03:24:58] defaultLogger.WARNING: [El socio no se encuentra registrado.]  [] []
[2018-03-07 14:30:39] defaultLogger.WARNING: [El socio no se encuentra registrado.]  [] []
[2018-03-07 14:30:39] defaultLogger.WARNING: [El socio no se encuentra registrado.]  [] []
[2018-03-09 00:25:14] defaultLogger.WARNING: [El socio no se encuentra registrado.]  [] []
[2018-03-09 00:25:14] defaultLogger.WARNING: [El socio no se encuentra registrado.]  [] []
[2018-03-09 01:01:05] defaultLogger.WARNING: [El socio no se encuentra registrado.]  [] []
[2018-03-09 01:01:05] defaultLogger.WARNING: [El socio no se encuentra registrado.]  [] []
[2018-03-09 23:41:59] defaultLogger.WARNING: [El socio no se encuentra registrado.]  [] []
[2018-03-09 23:41:59] defaultLogger.WARNING: [El socio no se encuentra registrado.]  [] []
[2018-03-10 21:03:15] defaultLogger.ERROR: [Ocurrio un error al agregar el ahorro.] Undefined index: semana [] []
